2015-02-14 16:54:33 5804 [Note] Plugin 'FEDERATED' is disabled.
2015-02-14 16:54:33 5804 [Note] InnoDB: Using atomics to ref count buffer pool pages
2015-02-14 16:54:33 5804 [Note] InnoDB: The InnoDB memory heap is disabled
2015-02-14 16:54:33 5804 [Note] InnoDB: Mutexes and rw_locks use Windows interlocked functions
2015-02-14 16:54:33 5804 [Note] InnoDB: Compressed tables use zlib 1.2.3
2015-02-14 16:54:33 5804 [Note] InnoDB: Not using CPU crc32 instructions
2015-02-14 16:54:33 5804 [Note] InnoDB: Initializing buffer pool, size = 128.0M
2015-02-14 16:54:33 5804 [Note] InnoDB: Completed initialization of buffer pool
2015-02-14 16:54:33 5804 [Note] InnoDB: Highest supported file format is Barracuda.
2015-02-14 16:54:33 5804 [Note] InnoDB: 128 rollback segment(s) are active.
2015-02-14 16:54:34 5804 [Note] InnoDB: Waiting for purge to start
2015-02-14 16:54:34 5804 [Note] InnoDB: 5.6.17 started; log sequence number 1625977
2015-02-14 16:54:34 5804 [Warning] No existing UUID has been found, so we assume that this is the first time that this server has been started. Generating a new UUID: c537f8b1-b461-11e4-a06e-600292b324ed.
2015-02-14 16:54:34 5804 [Note] Server hostname (bind-address): '*'; port: 3306
2015-02-14 16:54:34 5804 [Note] IPv6 is available.
2015-02-14 16:54:34 5804 [Note]   - '::' resolves to '::';
2015-02-14 16:54:34 5804 [Note] Server socket created on IP: '::'.
2015-02-14 16:54:34 5804 [Note] Event Scheduler: Loaded 0 events
2015-02-14 16:54:34 5804 [Note] wampmysqld: ready for connections.
Version: '5.6.17'  socket: ''  port: 3306  MySQL Community Server (GPL)
